<?xml version="1.0" encoding="UTF-8"?>
<!-- Generated by org.testng.reporters.JUnitXMLReporter -->
<testsuite hostname="Mustafas-MacBook-Pro.local" ignored="1" name="Default test" tests="3" failures="0" timestamp="2020-03-12T11:34:27 EDT" time="40.905" errors="0">
  <testcase name="testOne" time="9.746" classname="com.datadriven.framework.test.LoginTest.LoginTest$loginTest"/>
  <testcase name="testOne" time="8.755" classname="com.datadriven.framework.test.LoginTest.LoginTest$loginTest"/>
  <testcase name="testOne" time="20.455" classname="com.datadriven.framework.test.LoginTest.LoginTest$loginTest"/>
  <testcase name="@AfterTest endReport" time="0.0" classname="com.datadriven.framework.test.LoginTest.LoginTest$loginTest">
    <ignored/>
  </testcase> <!-- @AfterTest endReport -->
</testsuite> <!-- Default test -->
